e:\opengl\build\examples\gears.dir\debug\vc120.pdb
e:\opengl\build\examples\gears.dir\debug\glad.obj
e:\opengl\build\examples\gears.dir\debug\gears.obj
e:\opengl\build\examples\cmakefiles\generate.stamp
e:\opengl\build\examples\debug\gears.ilk
e:\opengl\build\examples\debug\gears.exe
e:\opengl\build\examples\debug\gears.pdb
e:\opengl\build\examples\gears.dir\debug\glfw.res
e:\opengl\build\examples\gears.dir\debug\gears.tlog\cl.command.1.tlog
e:\opengl\build\examples\gears.dir\debug\gears.tlog\cl.read.1.tlog
e:\opengl\build\examples\gears.dir\debug\gears.tlog\cl.write.1.tlog
e:\opengl\build\examples\gears.dir\debug\gears.tlog\custombuild.command.1.tlog
e:\opengl\build\examples\gears.dir\debug\gears.tlog\custombuild.read.1.tlog
e:\opengl\build\examples\gears.dir\debug\gears.tlog\custombuild.write.1.tlog
e:\opengl\build\examples\gears.dir\debug\gears.tlog\link.command.1.tlog
e:\opengl\build\examples\gears.dir\debug\gears.tlog\link.read.1.tlog
e:\opengl\build\examples\gears.dir\debug\gears.tlog\link.write.1.tlog
e:\opengl\build\examples\gears.dir\debug\gears.tlog\rc.command.1.tlog
e:\opengl\build\examples\gears.dir\debug\gears.tlog\rc.read.1.tlog
e:\opengl\build\examples\gears.dir\debug\gears.tlog\rc.write.1.tlog
