e:\opengl\build\examples\particles.dir\debug\vc120.pdb
e:\opengl\build\examples\particles.dir\debug\glad.obj
e:\opengl\build\examples\particles.dir\debug\getopt.obj
e:\opengl\build\examples\particles.dir\debug\tinycthread.obj
e:\opengl\build\examples\particles.dir\debug\particles.obj
e:\opengl\build\examples\cmakefiles\generate.stamp
e:\opengl\build\examples\debug\particles.ilk
e:\opengl\build\examples\debug\particles.exe
e:\opengl\build\examples\debug\particles.pdb
e:\opengl\build\examples\particles.dir\debug\glfw.res
e:\opengl\build\examples\particles.dir\debug\particles.tlog\cl.command.1.tlog
e:\opengl\build\examples\particles.dir\debug\particles.tlog\cl.read.1.tlog
e:\opengl\build\examples\particles.dir\debug\particles.tlog\cl.write.1.tlog
e:\opengl\build\examples\particles.dir\debug\particles.tlog\custombuild.command.1.tlog
e:\opengl\build\examples\particles.dir\debug\particles.tlog\custombuild.read.1.tlog
e:\opengl\build\examples\particles.dir\debug\particles.tlog\custombuild.write.1.tlog
e:\opengl\build\examples\particles.dir\debug\particles.tlog\link.command.1.tlog
e:\opengl\build\examples\particles.dir\debug\particles.tlog\link.read.1.tlog
e:\opengl\build\examples\particles.dir\debug\particles.tlog\link.write.1.tlog
e:\opengl\build\examples\particles.dir\debug\particles.tlog\rc.command.1.tlog
e:\opengl\build\examples\particles.dir\debug\particles.tlog\rc.read.1.tlog
e:\opengl\build\examples\particles.dir\debug\particles.tlog\rc.write.1.tlog
