e:\opengl\build\examples\simple.dir\debug\vc120.pdb
e:\opengl\build\examples\simple.dir\debug\glad.obj
e:\opengl\build\examples\simple.dir\debug\simple.obj
e:\opengl\build\examples\cmakefiles\generate.stamp
e:\opengl\build\examples\debug\simple.ilk
e:\opengl\build\examples\debug\simple.exe
e:\opengl\build\examples\debug\simple.pdb
e:\opengl\build\examples\simple.dir\debug\glfw.res
e:\opengl\build\examples\simple.dir\debug\simple.tlog\cl.command.1.tlog
e:\opengl\build\examples\simple.dir\debug\simple.tlog\cl.read.1.tlog
e:\opengl\build\examples\simple.dir\debug\simple.tlog\cl.write.1.tlog
e:\opengl\build\examples\simple.dir\debug\simple.tlog\custombuild.command.1.tlog
e:\opengl\build\examples\simple.dir\debug\simple.tlog\custombuild.read.1.tlog
e:\opengl\build\examples\simple.dir\debug\simple.tlog\custombuild.write.1.tlog
e:\opengl\build\examples\simple.dir\debug\simple.tlog\link.command.1.tlog
e:\opengl\build\examples\simple.dir\debug\simple.tlog\link.read.1.tlog
e:\opengl\build\examples\simple.dir\debug\simple.tlog\link.write.1.tlog
e:\opengl\build\examples\simple.dir\debug\simple.tlog\rc.command.1.tlog
e:\opengl\build\examples\simple.dir\debug\simple.tlog\rc.read.1.tlog
e:\opengl\build\examples\simple.dir\debug\simple.tlog\rc.write.1.tlog
