e:\opengl\build\examples\splitview.dir\debug\vc120.pdb
e:\opengl\build\examples\splitview.dir\debug\glad.obj
e:\opengl\build\examples\splitview.dir\debug\splitview.obj
e:\opengl\build\examples\cmakefiles\generate.stamp
e:\opengl\build\examples\debug\splitview.ilk
e:\opengl\build\examples\debug\splitview.exe
e:\opengl\build\examples\debug\splitview.pdb
e:\opengl\build\examples\splitview.dir\debug\glfw.res
e:\opengl\build\examples\splitview.dir\debug\splitview.tlog\cl.command.1.tlog
e:\opengl\build\examples\splitview.dir\debug\splitview.tlog\cl.read.1.tlog
e:\opengl\build\examples\splitview.dir\debug\splitview.tlog\cl.write.1.tlog
e:\opengl\build\examples\splitview.dir\debug\splitview.tlog\custombuild.command.1.tlog
e:\opengl\build\examples\splitview.dir\debug\splitview.tlog\custombuild.read.1.tlog
e:\opengl\build\examples\splitview.dir\debug\splitview.tlog\custombuild.write.1.tlog
e:\opengl\build\examples\splitview.dir\debug\splitview.tlog\link.command.1.tlog
e:\opengl\build\examples\splitview.dir\debug\splitview.tlog\link.read.1.tlog
e:\opengl\build\examples\splitview.dir\debug\splitview.tlog\link.write.1.tlog
e:\opengl\build\examples\splitview.dir\debug\splitview.tlog\rc.command.1.tlog
e:\opengl\build\examples\splitview.dir\debug\splitview.tlog\rc.read.1.tlog
e:\opengl\build\examples\splitview.dir\debug\splitview.tlog\rc.write.1.tlog
