e:\opengl\build\examples\wave.dir\debug\vc120.pdb
e:\opengl\build\examples\wave.dir\debug\glad.obj
e:\opengl\build\examples\wave.dir\debug\wave.obj
e:\opengl\build\examples\cmakefiles\generate.stamp
e:\opengl\build\examples\debug\wave.ilk
e:\opengl\build\examples\debug\wave.exe
e:\opengl\build\examples\debug\wave.pdb
e:\opengl\build\examples\wave.dir\debug\glfw.res
e:\opengl\build\examples\wave.dir\debug\wave.tlog\cl.command.1.tlog
e:\opengl\build\examples\wave.dir\debug\wave.tlog\cl.read.1.tlog
e:\opengl\build\examples\wave.dir\debug\wave.tlog\cl.write.1.tlog
e:\opengl\build\examples\wave.dir\debug\wave.tlog\custombuild.command.1.tlog
e:\opengl\build\examples\wave.dir\debug\wave.tlog\custombuild.read.1.tlog
e:\opengl\build\examples\wave.dir\debug\wave.tlog\custombuild.write.1.tlog
e:\opengl\build\examples\wave.dir\debug\wave.tlog\link.command.1.tlog
e:\opengl\build\examples\wave.dir\debug\wave.tlog\link.read.1.tlog
e:\opengl\build\examples\wave.dir\debug\wave.tlog\link.write.1.tlog
e:\opengl\build\examples\wave.dir\debug\wave.tlog\rc.command.1.tlog
e:\opengl\build\examples\wave.dir\debug\wave.tlog\rc.read.1.tlog
e:\opengl\build\examples\wave.dir\debug\wave.tlog\rc.write.1.tlog
