e:\opengl\build\examples\heightmap.dir\debug\vc120.pdb
e:\opengl\build\examples\heightmap.dir\debug\glad.obj
e:\opengl\build\examples\heightmap.dir\debug\heightmap.obj
e:\opengl\build\examples\cmakefiles\generate.stamp
e:\opengl\build\examples\debug\heightmap.ilk
e:\opengl\build\examples\debug\heightmap.exe
e:\opengl\build\examples\debug\heightmap.pdb
e:\opengl\build\examples\heightmap.dir\debug\glfw.res
e:\opengl\build\examples\heightmap.dir\debug\heightmap.tlog\cl.command.1.tlog
e:\opengl\build\examples\heightmap.dir\debug\heightmap.tlog\cl.read.1.tlog
e:\opengl\build\examples\heightmap.dir\debug\heightmap.tlog\cl.write.1.tlog
e:\opengl\build\examples\heightmap.dir\debug\heightmap.tlog\custombuild.command.1.tlog
e:\opengl\build\examples\heightmap.dir\debug\heightmap.tlog\custombuild.read.1.tlog
e:\opengl\build\examples\heightmap.dir\debug\heightmap.tlog\custombuild.write.1.tlog
e:\opengl\build\examples\heightmap.dir\debug\heightmap.tlog\link.command.1.tlog
e:\opengl\build\examples\heightmap.dir\debug\heightmap.tlog\link.read.1.tlog
e:\opengl\build\examples\heightmap.dir\debug\heightmap.tlog\link.write.1.tlog
e:\opengl\build\examples\heightmap.dir\debug\heightmap.tlog\rc.command.1.tlog
e:\opengl\build\examples\heightmap.dir\debug\heightmap.tlog\rc.read.1.tlog
e:\opengl\build\examples\heightmap.dir\debug\heightmap.tlog\rc.write.1.tlog
