e:\opengl\build\examples\sharing.dir\debug\vc120.pdb
e:\opengl\build\examples\sharing.dir\debug\glad.obj
e:\opengl\build\examples\sharing.dir\debug\sharing.obj
e:\opengl\build\examples\cmakefiles\generate.stamp
e:\opengl\build\examples\debug\sharing.ilk
e:\opengl\build\examples\debug\sharing.exe
e:\opengl\build\examples\debug\sharing.pdb
e:\opengl\build\examples\sharing.dir\debug\glfw.res
e:\opengl\build\examples\sharing.dir\debug\sharing.tlog\cl.command.1.tlog
e:\opengl\build\examples\sharing.dir\debug\sharing.tlog\cl.read.1.tlog
e:\opengl\build\examples\sharing.dir\debug\sharing.tlog\cl.write.1.tlog
e:\opengl\build\examples\sharing.dir\debug\sharing.tlog\custombuild.command.1.tlog
e:\opengl\build\examples\sharing.dir\debug\sharing.tlog\custombuild.read.1.tlog
e:\opengl\build\examples\sharing.dir\debug\sharing.tlog\custombuild.write.1.tlog
e:\opengl\build\examples\sharing.dir\debug\sharing.tlog\link.command.1.tlog
e:\opengl\build\examples\sharing.dir\debug\sharing.tlog\link.read.1.tlog
e:\opengl\build\examples\sharing.dir\debug\sharing.tlog\link.write.1.tlog
e:\opengl\build\examples\sharing.dir\debug\sharing.tlog\rc.command.1.tlog
e:\opengl\build\examples\sharing.dir\debug\sharing.tlog\rc.read.1.tlog
e:\opengl\build\examples\sharing.dir\debug\sharing.tlog\rc.write.1.tlog
