e:\opengl\build\examples\boing.dir\debug\vc120.pdb
e:\opengl\build\examples\boing.dir\debug\glad.obj
e:\opengl\build\examples\boing.dir\debug\boing.obj
e:\opengl\build\examples\cmakefiles\generate.stamp
e:\opengl\build\examples\debug\boing.ilk
e:\opengl\build\examples\debug\boing.exe
e:\opengl\build\examples\debug\boing.pdb
e:\opengl\build\examples\boing.dir\debug\glfw.res
e:\opengl\build\examples\boing.dir\debug\boing.tlog\cl.command.1.tlog
e:\opengl\build\examples\boing.dir\debug\boing.tlog\cl.read.1.tlog
e:\opengl\build\examples\boing.dir\debug\boing.tlog\cl.write.1.tlog
e:\opengl\build\examples\boing.dir\debug\boing.tlog\custombuild.command.1.tlog
e:\opengl\build\examples\boing.dir\debug\boing.tlog\custombuild.read.1.tlog
e:\opengl\build\examples\boing.dir\debug\boing.tlog\custombuild.write.1.tlog
e:\opengl\build\examples\boing.dir\debug\boing.tlog\link.command.1.tlog
e:\opengl\build\examples\boing.dir\debug\boing.tlog\link.read.1.tlog
e:\opengl\build\examples\boing.dir\debug\boing.tlog\link.write.1.tlog
e:\opengl\build\examples\boing.dir\debug\boing.tlog\rc.command.1.tlog
e:\opengl\build\examples\boing.dir\debug\boing.tlog\rc.read.1.tlog
e:\opengl\build\examples\boing.dir\debug\boing.tlog\rc.write.1.tlog
