e:\opengl\build\examples\offscreen.dir\debug\vc120.pdb
e:\opengl\build\examples\offscreen.dir\debug\glad.obj
e:\opengl\build\examples\offscreen.dir\debug\offscreen.obj
e:\opengl\build\examples\cmakefiles\generate.stamp
e:\opengl\build\examples\debug\offscreen.ilk
e:\opengl\build\examples\debug\offscreen.exe
e:\opengl\build\examples\debug\offscreen.pdb
e:\opengl\build\examples\offscreen.dir\debug\glfw.res
e:\opengl\build\examples\offscreen.dir\debug\offscreen.tlog\cl.command.1.tlog
e:\opengl\build\examples\offscreen.dir\debug\offscreen.tlog\cl.read.1.tlog
e:\opengl\build\examples\offscreen.dir\debug\offscreen.tlog\cl.write.1.tlog
e:\opengl\build\examples\offscreen.dir\debug\offscreen.tlog\custombuild.command.1.tlog
e:\opengl\build\examples\offscreen.dir\debug\offscreen.tlog\custombuild.read.1.tlog
e:\opengl\build\examples\offscreen.dir\debug\offscreen.tlog\custombuild.write.1.tlog
e:\opengl\build\examples\offscreen.dir\debug\offscreen.tlog\link.command.1.tlog
e:\opengl\build\examples\offscreen.dir\debug\offscreen.tlog\link.read.1.tlog
e:\opengl\build\examples\offscreen.dir\debug\offscreen.tlog\link.write.1.tlog
e:\opengl\build\examples\offscreen.dir\debug\offscreen.tlog\rc.command.1.tlog
e:\opengl\build\examples\offscreen.dir\debug\offscreen.tlog\rc.read.1.tlog
e:\opengl\build\examples\offscreen.dir\debug\offscreen.tlog\rc.write.1.tlog
