Build started 2018\7\12 星期四 0:04:55.
     1>Project "E:\Opengl\build\src\glfw.vcxproj" on node 2 (Build target(s)).
     1>CustomBuild:
         Building Custom Rule E:/Opengl/glfw/src/CMakeLists.txt
         CMake does not need to re-run because E:/Opengl/build/src/CMakeFiles/generate.stamp is up-to-date.
       ClCompile:
         C:\Program Files (x86)\Microsoft Visual Studio 12.0\VC\bin\CL.exe /c /IE:\Opengl\glfw\include /IE:\Opengl\glfw\src /IE:\Opengl\build\src /Zi /nologo /W3 /WX- /Od /Ob0 /Oy- /D WIN32 /D _WINDOWS /D _GLFW_USE_CONFIG_H /D _CRT_SECURE_NO_WARNINGS /D "CMAKE_INTDIR=\"Debug\"" /D _MBCS /Gm- /RTC1 /MDd /GS /fp:precise /Zc:wchar_t /Zc:forScope /Fo"glfw.dir\Debug\\" /Fd"glfw.dir\Debug\vc120.pdb" /Gd /TC /analyze- /errorReport:prompt E:\Opengl\glfw\src\context.c E:\Opengl\glfw\src\init.c E:\Opengl\glfw\src\input.c E:\Opengl\glfw\src\monitor.c E:\Opengl\glfw\src\vulkan.c E:\Opengl\glfw\src\window.c E:\Opengl\glfw\src\win32_init.c E:\Opengl\glfw\src\win32_joystick.c E:\Opengl\glfw\src\win32_monitor.c E:\Opengl\glfw\src\win32_time.c E:\Opengl\glfw\src\win32_thread.c E:\Opengl\glfw\src\win32_window.c E:\Opengl\glfw\src\wgl_context.c E:\Opengl\glfw\src\egl_context.c E:\Opengl\glfw\src\osmesa_context.c
         context.c
         init.c
         input.c
         monitor.c
         vulkan.c
         window.c
         win32_init.c
         win32_joystick.c
         win32_monitor.c
         win32_time.c
         win32_thread.c
         win32_window.c
         wgl_context.c
         egl_context.c
         osmesa_context.c
         Generating Code...
       Lib:
         C:\Program Files (x86)\Microsoft Visual Studio 12.0\VC\bin\Lib.exe /OUT:"E:\Opengl\build\src\Debug\glfw3.lib" /NOLOGO  /machine:X86 glfw.dir\Debug\context.obj
         glfw.dir\Debug\init.obj
         glfw.dir\Debug\input.obj
         glfw.dir\Debug\monitor.obj
         glfw.dir\Debug\vulkan.obj
         glfw.dir\Debug\window.obj
         glfw.dir\Debug\win32_init.obj
         glfw.dir\Debug\win32_joystick.obj
         glfw.dir\Debug\win32_monitor.obj
         glfw.dir\Debug\win32_time.obj
         glfw.dir\Debug\win32_thread.obj
         glfw.dir\Debug\win32_window.obj
         glfw.dir\Debug\wgl_context.obj
         glfw.dir\Debug\egl_context.obj
         glfw.dir\Debug\osmesa_context.obj
         glfw.vcxproj -> E:\Opengl\build\src\Debug\glfw3.lib
     1>Done Building Project "E:\Opengl\build\src\glfw.vcxproj" (Build target(s)).

Build succeeded.

Time Elapsed 00:00:11.19
